<?xml version="1.0" encoding="utf-8"?><testsuites><testsuite name="pytest" errors="0" failures="0" skipped="0" tests="6" time="0.061" timestamp="2025-08-20T09:20:40.595063" hostname="sudoer"><testcase classname="test_tests" name="test_example" time="0.001" /><testcase classname="test_tests" name="test_string_operations" time="0.001" /><testcase classname="test_tests" name="test_list_operations" time="0.001" /><testcase classname="messaging_app.test_tests" name="test_example" time="0.001" /><testcase classname="messaging_app.test_tests" name="test_string_operations" time="0.001" /><testcase classname="messaging_app.test_tests" name="test_list_operations" time="0.001" /></testsuite></testsuites>